[2021-08-04T19:00:24.380] [DEBUG] cheese - login => username:zs,password:123456
[2021-08-04T19:00:24.384] [DEBUG] cheese - zs
[2021-08-04T19:00:24.394] [DEBUG] cheese - null
[2021-08-04T19:00:24.394] [DEBUG] cheese - null
[2021-08-04T19:00:30.056] [DEBUG] cheese - login => username:admin,password:123456
[2021-08-04T19:00:30.057] [DEBUG] cheese - admin
[2021-08-04T19:00:30.061] [DEBUG] cheese - null
[2021-08-04T19:00:30.061] [DEBUG] cheese - null
[2021-08-05T11:09:15.875] [DEBUG] cheese - login => username:zs1,password:123111
[2021-08-05T11:09:15.876] [DEBUG] cheese - zs1
[2021-08-05T11:09:15.899] [DEBUG] cheese - null
[2021-08-05T11:09:15.900] [DEBUG] cheese - null
[2021-08-05T11:10:19.395] [DEBUG] cheese - login => username:zs1,password:123111
[2021-08-05T11:10:19.396] [DEBUG] cheese - zs1
[2021-08-05T11:10:19.399] [DEBUG] cheese - null
[2021-08-05T11:10:19.400] [DEBUG] cheese - null
[2021-08-05T11:11:06.002] [DEBUG] cheese - login => username:zs1,password:123111
[2021-08-05T11:11:06.002] [DEBUG] cheese - zs1
[2021-08-05T11:11:06.005] [DEBUG] cheese - null
[2021-08-05T11:11:06.005] [DEBUG] cheese - null
[2021-08-05T11:11:13.753] [DEBUG] cheese - login => username:admin,password:123456
[2021-08-05T11:11:13.754] [DEBUG] cheese - admin
[2021-08-05T11:11:13.759] [DEBUG] cheese - null
[2021-08-05T11:11:13.760] [DEBUG] cheese - null
[2021-08-05T11:11:51.219] [DEBUG] cheese - login => username:zs1,password:123111
[2021-08-05T11:11:51.219] [DEBUG] cheese - zs1
[2021-08-05T11:11:51.221] [DEBUG] cheese - null
[2021-08-05T11:11:51.221] [DEBUG] cheese - null
[2021-08-05T11:12:01.424] [DEBUG] cheese - login => username:admin,password:123456
[2021-08-05T11:12:01.424] [DEBUG] cheese - admin
[2021-08-05T11:12:01.427] [DEBUG] cheese - null
[2021-08-05T11:12:01.427] [DEBUG] cheese - null
[2021-08-05T11:15:40.660] [DEBUG] cheese - login => username:zs1,password:123111
[2021-08-05T11:15:40.660] [DEBUG] cheese - zs1
[2021-08-05T11:15:40.662] [DEBUG] cheese - null
[2021-08-05T11:15:40.662] [DEBUG] cheese - null
[2021-08-05T11:15:57.282] [DEBUG] cheese - login => username:zs1,password:123111
[2021-08-05T11:15:57.282] [DEBUG] cheese - zs1
[2021-08-05T11:15:57.285] [DEBUG] cheese - null
[2021-08-05T11:15:57.285] [DEBUG] cheese - null
[2021-08-05T11:16:17.618] [DEBUG] cheese - login => username:zs1,password:123111
[2021-08-05T11:16:17.618] [DEBUG] cheese - zs1
[2021-08-05T11:16:17.620] [DEBUG] cheese - null
[2021-08-05T11:16:17.621] [DEBUG] cheese - null
[2021-08-05T11:16:23.128] [DEBUG] cheese - login => username:admin,password:123456
[2021-08-05T11:16:23.129] [DEBUG] cheese - admin
[2021-08-05T11:16:23.131] [DEBUG] cheese - null
[2021-08-05T11:16:23.131] [DEBUG] cheese - null
[2021-08-05T11:23:05.074] [DEBUG] cheese - login => username:zs1,password:123111
[2021-08-05T11:23:05.074] [DEBUG] cheese - zs1
[2021-08-05T11:23:05.077] [DEBUG] cheese - null
[2021-08-05T11:23:05.077] [DEBUG] cheese - null
[2021-08-05T11:23:28.881] [DEBUG] cheese - login => username:admin,password:123456
[2021-08-05T11:23:28.882] [DEBUG] cheese - admin
[2021-08-05T11:23:28.885] [DEBUG] cheese - null
[2021-08-05T11:23:28.885] [DEBUG] cheese - null
[2021-08-05T11:23:32.117] [DEBUG] cheese - login => username:admin,password:123456
[2021-08-05T11:23:32.117] [DEBUG] cheese - admin
[2021-08-05T11:23:32.121] [DEBUG] cheese - null
[2021-08-05T11:23:32.121] [DEBUG] cheese - null
[2021-08-05T11:23:32.924] [DEBUG] cheese - login => username:admin,password:123456
[2021-08-05T11:23:32.924] [DEBUG] cheese - admin
[2021-08-05T11:23:32.927] [DEBUG] cheese - null
[2021-08-05T11:23:32.927] [DEBUG] cheese - null
[2021-08-05T11:37:37.465] [DEBUG] cheese - login => username:admin,password:123456
[2021-08-05T11:37:37.465] [DEBUG] cheese - admin
[2021-08-05T11:37:37.469] [DEBUG] cheese - null
[2021-08-05T11:37:37.469] [DEBUG] cheese - null
[2021-08-05T11:38:30.207] [DEBUG] cheese - login => username:admin,password:123456
[2021-08-05T11:38:30.208] [DEBUG] cheese - admin
[2021-08-05T11:38:30.210] [DEBUG] cheese - null
[2021-08-05T11:38:30.210] [DEBUG] cheese - null
[2021-08-05T11:38:33.546] [DEBUG] cheese - login => username:admin,password:123456
[2021-08-05T11:38:33.546] [DEBUG] cheese - admin
[2021-08-05T11:38:33.548] [DEBUG] cheese - null
[2021-08-05T11:38:33.548] [DEBUG] cheese - null
[2021-08-05T11:39:27.949] [DEBUG] cheese - login => username:admin,password:123456
[2021-08-05T11:39:27.949] [DEBUG] cheese - admin
[2021-08-05T11:39:27.951] [DEBUG] cheese - null
[2021-08-05T11:39:27.952] [DEBUG] cheese - null
[2021-08-05T11:39:38.577] [DEBUG] cheese - login => username:admin,password:123456
[2021-08-05T11:39:38.577] [DEBUG] cheese - admin
[2021-08-05T11:39:38.580] [DEBUG] cheese - null
[2021-08-05T11:39:38.580] [DEBUG] cheese - null
[2021-08-05T11:39:49.359] [DEBUG] cheese - login => username:admin,password:123456
[2021-08-05T11:39:49.359] [DEBUG] cheese - admin
[2021-08-05T11:39:49.362] [DEBUG] cheese - null
[2021-08-05T11:39:49.362] [DEBUG] cheese - null
[2021-08-05T11:42:40.697] [DEBUG] cheese - login => username:admin,password:123456
[2021-08-05T11:42:40.697] [DEBUG] cheese - admin
[2021-08-05T11:42:40.700] [DEBUG] cheese - null
[2021-08-05T11:42:40.700] [DEBUG] cheese - null
[2021-08-05T11:42:43.522] [DEBUG] cheese - login => username:admin,password:123456
[2021-08-05T11:42:43.523] [DEBUG] cheese - admin
[2021-08-05T11:42:43.525] [DEBUG] cheese - null
[2021-08-05T11:42:43.525] [DEBUG] cheese - null
[2021-08-05T11:42:47.250] [DEBUG] cheese - login => username:admin,password:1234561
[2021-08-05T11:42:47.250] [DEBUG] cheese - admin
[2021-08-05T11:42:47.254] [DEBUG] cheese - null
[2021-08-05T11:42:47.254] [DEBUG] cheese - null
[2021-08-05T11:42:50.943] [DEBUG] cheese - login => username:admin,password:1234561
[2021-08-05T11:42:50.943] [DEBUG] cheese - admin
[2021-08-05T11:42:50.945] [DEBUG] cheese - null
[2021-08-05T11:42:50.945] [DEBUG] cheese - null
[2021-08-05T11:42:53.977] [DEBUG] cheese - login => username:admin,password:1234561
[2021-08-05T11:42:53.977] [DEBUG] cheese - admin
[2021-08-05T11:42:53.980] [DEBUG] cheese - null
[2021-08-05T11:42:53.980] [DEBUG] cheese - null
[2021-08-05T11:42:55.880] [DEBUG] cheese - login => username:admin,password:123456
[2021-08-05T11:42:55.880] [DEBUG] cheese - admin
[2021-08-05T11:42:55.883] [DEBUG] cheese - null
[2021-08-05T11:42:55.884] [DEBUG] cheese - null
[2021-08-05T11:42:58.152] [DEBUG] cheese - login => username:admin,password:123456
[2021-08-05T11:42:58.152] [DEBUG] cheese - admin
[2021-08-05T11:42:58.154] [DEBUG] cheese - null
[2021-08-05T11:42:58.154] [DEBUG] cheese - null
[2021-08-05T11:43:38.314] [DEBUG] cheese - login => username:admin,password:123456
[2021-08-05T11:43:38.314] [DEBUG] cheese - admin
[2021-08-05T11:43:38.317] [DEBUG] cheese - null
[2021-08-05T11:43:38.317] [DEBUG] cheese - null
[2021-08-05T11:58:15.789] [DEBUG] cheese - login => username:admin,password:123456
[2021-08-05T11:58:15.789] [DEBUG] cheese - admin
[2021-08-05T11:58:15.792] [DEBUG] cheese - null
[2021-08-05T11:58:15.792] [DEBUG] cheese - null
[2021-08-05T11:58:48.187] [DEBUG] cheese - login => username:admin,password:123456
[2021-08-05T11:58:48.187] [DEBUG] cheese - admin
[2021-08-05T11:58:48.191] [DEBUG] cheese - null
[2021-08-05T11:58:48.191] [DEBUG] cheese - null
[2021-08-05T11:59:16.308] [DEBUG] cheese - login => username:admin,password:123456
[2021-08-05T11:59:16.308] [DEBUG] cheese - admin
[2021-08-05T11:59:16.311] [DEBUG] cheese - null
[2021-08-05T11:59:16.311] [DEBUG] cheese - null
[2021-08-05T11:59:18.728] [DEBUG] cheese - login => username:admin,password:123456
[2021-08-05T11:59:18.728] [DEBUG] cheese - admin
[2021-08-05T11:59:18.731] [DEBUG] cheese - null
[2021-08-05T11:59:18.731] [DEBUG] cheese - null
[2021-08-05T12:39:59.227] [DEBUG] cheese - login => username:admin,password:123456
[2021-08-05T12:39:59.227] [DEBUG] cheese - admin
[2021-08-05T12:39:59.230] [DEBUG] cheese - null
[2021-08-05T12:39:59.230] [DEBUG] cheese - null
[2021-08-05T12:41:34.757] [DEBUG] cheese - login => username:admin,password:123456
[2021-08-05T12:41:34.757] [DEBUG] cheese - admin
[2021-08-05T12:41:34.760] [DEBUG] cheese - null
[2021-08-05T12:41:34.760] [DEBUG] cheese - null
[2021-08-05T12:41:44.326] [DEBUG] cheese - login => username:admin,password:123456
[2021-08-05T12:41:44.326] [DEBUG] cheese - admin
[2021-08-05T12:41:44.329] [DEBUG] cheese - null
[2021-08-05T12:41:44.329] [DEBUG] cheese - null
[2021-08-05T12:41:46.406] [DEBUG] cheese - login => username:admin,password:123456
[2021-08-05T12:41:46.406] [DEBUG] cheese - admin
[2021-08-05T12:41:46.409] [DEBUG] cheese - null
[2021-08-05T12:41:46.409] [DEBUG] cheese - null
[2021-08-05T12:41:47.230] [DEBUG] cheese - login => username:admin,password:123456
[2021-08-05T12:41:47.230] [DEBUG] cheese - admin
[2021-08-05T12:41:47.232] [DEBUG] cheese - null
[2021-08-05T12:41:47.232] [DEBUG] cheese - null
[2021-08-05T12:42:05.941] [DEBUG] cheese - login => username:admin,password:123456
[2021-08-05T12:42:05.941] [DEBUG] cheese - admin
[2021-08-05T12:42:05.943] [DEBUG] cheese - null
[2021-08-05T12:42:05.943] [DEBUG] cheese - null
[2021-08-05T12:42:52.884] [DEBUG] cheese - login => username:admin,password:123456
[2021-08-05T12:42:52.884] [DEBUG] cheese - admin
[2021-08-05T12:42:52.886] [DEBUG] cheese - null
[2021-08-05T12:42:52.887] [DEBUG] cheese - null
[2021-08-05T12:43:02.253] [DEBUG] cheese - login => username:admin,password:123456
[2021-08-05T12:43:02.253] [DEBUG] cheese - admin
[2021-08-05T12:43:02.256] [DEBUG] cheese - null
[2021-08-05T12:43:02.256] [DEBUG] cheese - null
[2021-08-05T12:43:15.145] [DEBUG] cheese - login => username:admin,password:123456
[2021-08-05T12:43:15.145] [DEBUG] cheese - admin
[2021-08-05T12:43:15.148] [DEBUG] cheese - null
[2021-08-05T12:43:15.148] [DEBUG] cheese - null
[2021-08-05T12:43:49.748] [DEBUG] cheese - login => username:admin,password:123456
[2021-08-05T12:43:49.748] [DEBUG] cheese - admin
[2021-08-05T12:43:49.751] [DEBUG] cheese - null
[2021-08-05T12:43:49.752] [DEBUG] cheese - null
[2021-08-05T12:43:52.694] [DEBUG] cheese - login => username:admin,password:123456
[2021-08-05T12:43:52.694] [DEBUG] cheese - admin
[2021-08-05T12:43:52.696] [DEBUG] cheese - null
[2021-08-05T12:43:52.696] [DEBUG] cheese - null
[2021-08-05T12:44:05.256] [DEBUG] cheese - login => username:admin1,password:123456
[2021-08-05T12:44:05.256] [DEBUG] cheese - admin1
[2021-08-05T12:44:05.259] [DEBUG] cheese - null
[2021-08-05T12:44:05.260] [DEBUG] cheese - null
[2021-08-05T12:44:19.146] [DEBUG] cheese - login => username:admin,password:123456
[2021-08-05T12:44:19.146] [DEBUG] cheese - admin
[2021-08-05T12:44:19.149] [DEBUG] cheese - null
[2021-08-05T12:44:19.149] [DEBUG] cheese - null
[2021-08-05T12:44:22.622] [DEBUG] cheese - login => username:admin1,password:123456
[2021-08-05T12:44:22.622] [DEBUG] cheese - admin1
[2021-08-05T12:44:22.624] [DEBUG] cheese - null
[2021-08-05T12:44:22.625] [DEBUG] cheese - null
[2021-08-05T12:44:30.208] [DEBUG] cheese - login => username:admin1,password:123456
[2021-08-05T12:44:30.208] [DEBUG] cheese - admin1
[2021-08-05T12:44:30.211] [DEBUG] cheese - null
[2021-08-05T12:44:30.211] [DEBUG] cheese - null
[2021-08-05T12:44:36.465] [DEBUG] cheese - login => username:admin1,password:123456
[2021-08-05T12:44:36.465] [DEBUG] cheese - admin1
[2021-08-05T12:44:36.467] [DEBUG] cheese - null
[2021-08-05T12:44:36.467] [DEBUG] cheese - null
[2021-08-05T12:44:50.386] [DEBUG] cheese - login => username:admin1,password:123456
[2021-08-05T12:44:50.386] [DEBUG] cheese - admin1
[2021-08-05T12:44:50.388] [DEBUG] cheese - null
[2021-08-05T12:44:50.388] [DEBUG] cheese - null
[2021-08-05T12:58:15.399] [DEBUG] cheese - login => username:admin1,password:123456
[2021-08-05T12:58:15.400] [DEBUG] cheese - admin1
[2021-08-05T12:58:15.402] [DEBUG] cheese - null
[2021-08-05T12:58:15.402] [DEBUG] cheese - null
[2021-08-05T12:58:17.924] [DEBUG] cheese - login => username:admin,password:123456
[2021-08-05T12:58:17.924] [DEBUG] cheese - admin
[2021-08-05T12:58:17.928] [DEBUG] cheese - null
[2021-08-05T12:58:17.928] [DEBUG] cheese - null
[2021-08-05T13:31:55.653] [DEBUG] cheese - login => username:admin,password:123456
[2021-08-05T13:31:55.654] [DEBUG] cheese - admin
[2021-08-05T13:31:55.656] [DEBUG] cheese - null
[2021-08-05T13:31:55.656] [DEBUG] cheese - null
[2021-08-05T13:31:57.757] [DEBUG] cheese - login => username:admin,password:123456
[2021-08-05T13:31:57.758] [DEBUG] cheese - admin
[2021-08-05T13:31:57.760] [DEBUG] cheese - null
[2021-08-05T13:31:57.760] [DEBUG] cheese - null
[2021-08-05T14:10:50.311] [DEBUG] cheese - login => username:admin,password:123456
[2021-08-05T14:10:50.311] [DEBUG] cheese - admin
[2021-08-05T14:10:50.314] [DEBUG] cheese - null
[2021-08-05T14:10:50.314] [DEBUG] cheese - null
[2021-08-05T14:10:54.568] [DEBUG] cheese - login => username:admin,password:123456
[2021-08-05T14:10:54.568] [DEBUG] cheese - admin
[2021-08-05T14:10:54.570] [DEBUG] cheese - null
[2021-08-05T14:10:54.570] [DEBUG] cheese - null
[2021-08-05T14:10:57.170] [DEBUG] cheese - login => username:admin,password:123456
[2021-08-05T14:10:57.170] [DEBUG] cheese - admin
[2021-08-05T14:10:57.172] [DEBUG] cheese - null
[2021-08-05T14:10:57.172] [DEBUG] cheese - null
[2021-08-05T14:16:35.008] [DEBUG] cheese - login => username:admin,password:123456
[2021-08-05T14:16:35.008] [DEBUG] cheese - admin
[2021-08-05T14:16:35.010] [DEBUG] cheese - null
[2021-08-05T14:16:35.010] [DEBUG] cheese - null
[2021-08-05T14:39:16.401] [DEBUG] cheese - login => username:admin,password:123456
[2021-08-05T14:39:16.401] [DEBUG] cheese - admin
[2021-08-05T14:39:16.404] [DEBUG] cheese - null
[2021-08-05T14:39:16.404] [DEBUG] cheese - null
[2021-08-05T14:39:25.533] [DEBUG] cheese - login => username:admin,password:123456
[2021-08-05T14:39:25.534] [DEBUG] cheese - admin
[2021-08-05T14:39:25.537] [DEBUG] cheese - null
[2021-08-05T14:39:25.537] [DEBUG] cheese - null
[2021-08-05T14:42:24.641] [DEBUG] cheese - login => username:admin,password:123456
[2021-08-05T14:42:24.641] [DEBUG] cheese - admin
[2021-08-05T14:42:24.644] [DEBUG] cheese - null
[2021-08-05T14:42:24.644] [DEBUG] cheese - null
[2021-08-05T14:44:33.666] [DEBUG] cheese - login => username:admin,password:123456
[2021-08-05T14:44:33.666] [DEBUG] cheese - admin
[2021-08-05T14:44:33.669] [DEBUG] cheese - null
[2021-08-05T14:44:33.669] [DEBUG] cheese - null
[2021-08-05T14:44:36.938] [DEBUG] cheese - login => username:admin,password:123456
[2021-08-05T14:44:36.938] [DEBUG] cheese - admin
[2021-08-05T14:44:36.941] [DEBUG] cheese - null
[2021-08-05T14:44:36.941] [DEBUG] cheese - null
[2021-08-05T15:32:02.820] [DEBUG] cheese - login => username:admin,password:123456
[2021-08-05T15:32:02.820] [DEBUG] cheese - admin
[2021-08-05T15:32:02.826] [DEBUG] cheese - null
[2021-08-05T15:32:02.826] [DEBUG] cheese - null
[2021-08-05T15:33:11.514] [DEBUG] cheese - login => username:admin,password:123456
[2021-08-05T15:33:11.514] [DEBUG] cheese - admin
[2021-08-05T15:33:11.518] [DEBUG] cheese - null
[2021-08-05T15:33:11.518] [DEBUG] cheese - null
[2021-08-05T15:42:24.526] [DEBUG] cheese - login => username:admin,password:123456
[2021-08-05T15:42:24.526] [DEBUG] cheese - admin
[2021-08-05T15:42:24.530] [DEBUG] cheese - null
[2021-08-05T15:42:24.531] [DEBUG] cheese - null
[2021-08-05T15:44:30.603] [DEBUG] cheese - login => username:admin,password:123456
[2021-08-05T15:44:30.604] [DEBUG] cheese - admin
[2021-08-05T15:44:30.607] [DEBUG] cheese - null
[2021-08-05T15:44:30.607] [DEBUG] cheese - null
[2021-08-05T15:44:53.703] [DEBUG] cheese - login => username:admin,password:123456
[2021-08-05T15:44:53.703] [DEBUG] cheese - admin
[2021-08-05T15:44:53.706] [DEBUG] cheese - null
[2021-08-05T15:44:53.706] [DEBUG] cheese - null
[2021-08-05T17:15:36.112] [DEBUG] cheese - login => username:admin,password:123456
[2021-08-05T17:15:36.113] [DEBUG] cheese - admin
[2021-08-05T17:15:36.118] [DEBUG] cheese - null
[2021-08-05T17:15:36.118] [DEBUG] cheese - null
[2021-08-05T19:13:41.236] [DEBUG] cheese - login => username:admin,password:123456
[2021-08-05T19:13:41.236] [DEBUG] cheese - admin
[2021-08-05T19:13:41.239] [DEBUG] cheese - null
[2021-08-05T19:13:41.239] [DEBUG] cheese - null
[2021-08-05T19:15:45.293] [DEBUG] cheese - login => username:admin,password:123456
[2021-08-05T19:15:45.294] [DEBUG] cheese - admin
[2021-08-05T19:15:45.296] [DEBUG] cheese - null
[2021-08-05T19:15:45.296] [DEBUG] cheese - null
[2021-08-05T19:17:04.739] [DEBUG] cheese - login => username:admin,password:123456
[2021-08-05T19:17:04.739] [DEBUG] cheese - admin
[2021-08-05T19:17:04.741] [DEBUG] cheese - null
[2021-08-05T19:17:04.741] [DEBUG] cheese - null
[2021-08-05T19:18:45.804] [DEBUG] cheese - login => username:admin,password:123456
[2021-08-05T19:18:45.804] [DEBUG] cheese - admin
[2021-08-05T19:18:45.807] [DEBUG] cheese - null
[2021-08-05T19:18:45.807] [DEBUG] cheese - null
[2021-08-05T19:20:18.915] [DEBUG] cheese - login => username:admin,password:123456
[2021-08-05T19:20:18.915] [DEBUG] cheese - admin
[2021-08-05T19:20:18.918] [DEBUG] cheese - null
[2021-08-05T19:20:18.918] [DEBUG] cheese - null
[2021-08-05T19:43:49.039] [DEBUG] cheese - login => username:admin,password:123456
[2021-08-05T19:43:49.039] [DEBUG] cheese - admin
[2021-08-05T19:43:49.042] [DEBUG] cheese - null
[2021-08-05T19:43:49.042] [DEBUG] cheese - null
[2021-08-05T19:46:36.769] [DEBUG] cheese - login => username:admin,password:123456
[2021-08-05T19:46:36.769] [DEBUG] cheese - admin
[2021-08-05T19:46:36.771] [DEBUG] cheese - null
[2021-08-05T19:46:36.772] [DEBUG] cheese - null
[2021-08-05T20:10:37.507] [DEBUG] cheese - login => username:admin,password:123456
[2021-08-05T20:10:37.507] [DEBUG] cheese - admin
[2021-08-05T20:10:37.509] [DEBUG] cheese - null
[2021-08-05T20:10:37.509] [DEBUG] cheese - null
[2021-08-05T20:48:47.489] [DEBUG] cheese - login => username:admin,password:123456
[2021-08-05T20:48:47.489] [DEBUG] cheese - admin
[2021-08-05T20:48:47.492] [DEBUG] cheese - null
[2021-08-05T20:48:47.492] [DEBUG] cheese - null
[2021-08-06T07:45:44.917] [DEBUG] cheese - login => username:admin,password:123456
[2021-08-06T07:45:44.919] [DEBUG] cheese - admin
[2021-08-06T07:45:44.944] [DEBUG] cheese - null
[2021-08-06T07:45:44.944] [DEBUG] cheese - null
[2021-08-06T07:45:55.646] [DEBUG] cheese - login => username:admin,password:123456
[2021-08-06T07:45:55.646] [DEBUG] cheese - admin
[2021-08-06T07:45:55.649] [DEBUG] cheese - null
[2021-08-06T07:45:55.649] [DEBUG] cheese - null
[2021-08-06T07:51:04.599] [DEBUG] cheese - login => username:admin,password:123456
[2021-08-06T07:51:04.599] [DEBUG] cheese - admin
[2021-08-06T07:51:04.602] [DEBUG] cheese - null
[2021-08-06T07:51:04.602] [DEBUG] cheese - null
[2021-08-06T08:36:33.122] [DEBUG] cheese - login => username:admin,password:123456
[2021-08-06T08:36:33.122] [DEBUG] cheese - admin
[2021-08-06T08:36:33.125] [DEBUG] cheese - null
[2021-08-06T08:36:33.125] [DEBUG] cheese - null
[2021-08-06T08:36:40.784] [DEBUG] cheese - login => username:admin,password:123456
[2021-08-06T08:36:40.784] [DEBUG] cheese - admin
[2021-08-06T08:36:40.786] [DEBUG] cheese - null
[2021-08-06T08:36:40.787] [DEBUG] cheese - null
[2021-08-06T12:37:58.850] [DEBUG] cheese - login => username:admin,password:123456
[2021-08-06T12:37:58.850] [DEBUG] cheese - admin
[2021-08-06T12:37:58.852] [DEBUG] cheese - null
[2021-08-06T12:37:58.852] [DEBUG] cheese - null
[2021-08-06T14:01:45.555] [DEBUG] cheese - login => username:admin,password:123456
[2021-08-06T14:01:45.556] [DEBUG] cheese - admin
[2021-08-06T14:01:45.586] [DEBUG] cheese - null
[2021-08-06T14:01:45.586] [DEBUG] cheese - null
[2021-08-06T16:40:07.071] [DEBUG] cheese - login => username:admin,password:123456
[2021-08-06T16:40:07.071] [DEBUG] cheese - admin
[2021-08-06T16:40:07.074] [DEBUG] cheese - null
[2021-08-06T16:40:07.074] [DEBUG] cheese - null
[2021-08-08T09:42:29.340] [DEBUG] cheese - login => username:admin,password:123456
[2021-08-08T09:42:29.342] [DEBUG] cheese - admin
[2021-08-08T09:42:29.369] [DEBUG] cheese - null
[2021-08-08T09:42:29.369] [DEBUG] cheese - null
[2021-08-08T09:53:55.691] [DEBUG] cheese - login => username:admin,password:123456
[2021-08-08T09:53:55.691] [DEBUG] cheese - admin
[2021-08-08T09:53:55.694] [DEBUG] cheese - null
[2021-08-08T09:53:55.694] [DEBUG] cheese - null
[2021-08-08T11:21:51.844] [DEBUG] cheese - login => username:admin,password:123456
[2021-08-08T11:21:51.844] [DEBUG] cheese - admin
[2021-08-08T11:21:51.846] [DEBUG] cheese - null
[2021-08-08T11:21:51.847] [DEBUG] cheese - null
[2021-08-08T11:36:42.365] [DEBUG] cheese - login => username:admin,password:123456
[2021-08-08T11:36:42.366] [DEBUG] cheese - admin
[2021-08-08T11:36:42.379] [DEBUG] cheese - null
[2021-08-08T11:36:42.380] [DEBUG] cheese - null
[2021-08-08T12:59:55.040] [DEBUG] cheese - login => username:admin,password:123456
[2021-08-08T12:59:55.040] [DEBUG] cheese - admin
[2021-08-08T12:59:55.044] [DEBUG] cheese - null
[2021-08-08T12:59:55.044] [DEBUG] cheese - null
[2021-08-08T14:53:56.954] [DEBUG] cheese - login => username:admin,password:123456
[2021-08-08T14:53:56.954] [DEBUG] cheese - admin
[2021-08-08T14:53:56.957] [DEBUG] cheese - null
[2021-08-08T14:53:56.957] [DEBUG] cheese - null
[2021-08-08T17:20:13.605] [DEBUG] cheese - null
[2021-08-08T17:20:22.473] [DEBUG] cheese - null
[2021-08-08T17:23:33.146] [DEBUG] cheese - null
[2021-08-08T17:23:38.252] [DEBUG] cheese - null
[2021-08-08T20:06:55.424] [DEBUG] cheese - login => username:admin,password:123456
[2021-08-08T20:06:55.425] [DEBUG] cheese - admin
[2021-08-08T20:06:55.434] [DEBUG] cheese - null
[2021-08-08T20:06:55.434] [DEBUG] cheese - null
[2021-08-09T08:20:19.299] [DEBUG] cheese - login => username:admin,password:123456
[2021-08-09T08:20:19.300] [DEBUG] cheese - admin
[2021-08-09T08:20:19.329] [DEBUG] cheese - null
[2021-08-09T08:20:19.330] [DEBUG] cheese - null
[2021-08-09T08:20:56.754] [DEBUG] cheese - login => username:admin,password:123456
[2021-08-09T08:20:56.754] [DEBUG] cheese - admin
[2021-08-09T08:20:56.757] [DEBUG] cheese - null
[2021-08-09T08:20:56.757] [DEBUG] cheese - null
[2021-08-09T08:23:07.151] [DEBUG] cheese - login => username:admin,password:123456
[2021-08-09T08:23:07.151] [DEBUG] cheese - admin
[2021-08-09T08:23:07.154] [DEBUG] cheese - null
[2021-08-09T08:23:07.154] [DEBUG] cheese - null
[2021-08-09T11:40:56.790] [DEBUG] cheese - login => username:admin,password:123456
[2021-08-09T11:40:56.790] [DEBUG] cheese - admin
[2021-08-09T11:40:56.792] [DEBUG] cheese - null
[2021-08-09T11:40:56.792] [DEBUG] cheese - null
[2021-08-10T07:39:21.090] [DEBUG] cheese - login => username:admin,password:123456
[2021-08-10T07:39:21.091] [DEBUG] cheese - admin
[2021-08-10T07:39:21.114] [DEBUG] cheese - null
[2021-08-10T07:39:21.114] [DEBUG] cheese - null
[2021-08-10T09:34:19.398] [DEBUG] cheese - login => username:admin,password:123456
[2021-08-10T09:34:19.401] [DEBUG] cheese - admin
[2021-08-10T09:34:19.405] [DEBUG] cheese - null
[2021-08-10T09:34:19.406] [DEBUG] cheese - null
[2021-08-10T14:10:36.407] [DEBUG] cheese - login => username:admin,password:123456
[2021-08-10T14:10:36.408] [DEBUG] cheese - admin
[2021-08-10T14:10:36.413] [DEBUG] cheese - null
[2021-08-10T14:10:36.413] [DEBUG] cheese - null
[2021-08-10T17:10:28.423] [DEBUG] cheese - login => username:admin,password:123456
[2021-08-10T17:10:28.424] [DEBUG] cheese - admin
[2021-08-10T17:10:28.439] [DEBUG] cheese - null
[2021-08-10T17:10:28.440] [DEBUG] cheese - null
[2021-08-10T19:15:26.703] [DEBUG] cheese - login => username:admin,password:123456
[2021-08-10T19:15:26.704] [DEBUG] cheese - admin
[2021-08-10T19:15:26.717] [DEBUG] cheese - null
[2021-08-10T19:15:26.718] [DEBUG] cheese - null
[2021-08-10T19:27:31.006] [DEBUG] cheese - login => username:admin,password:123456
[2021-08-10T19:27:31.007] [DEBUG] cheese - admin
[2021-08-10T19:27:31.032] [DEBUG] cheese - null
[2021-08-10T19:27:31.033] [DEBUG] cheese - null
[2021-08-11T08:28:18.506] [DEBUG] cheese - login => username:admin,password:123456
[2021-08-11T08:28:18.508] [DEBUG] cheese - admin
[2021-08-11T08:28:18.537] [DEBUG] cheese - null
[2021-08-11T08:28:18.537] [DEBUG] cheese - null
[2021-08-11T15:59:39.332] [DEBUG] cheese - null
[2021-08-11T16:00:16.624] [DEBUG] cheese - null
[2021-08-12T09:07:33.949] [DEBUG] cheese - login => username:admin,password:123456
[2021-08-12T09:07:33.951] [DEBUG] cheese - admin
[2021-08-12T09:07:33.982] [DEBUG] cheese - null
[2021-08-12T09:07:33.982] [DEBUG] cheese - null
[2021-08-12T09:40:04.406] [DEBUG] cheese - login => username:admin,password:123456
[2021-08-12T09:40:04.407] [DEBUG] cheese - admin
[2021-08-12T09:40:04.419] [DEBUG] cheese - null
[2021-08-12T09:40:04.420] [DEBUG] cheese - null
[2021-08-12T09:57:38.948] [DEBUG] cheese - login => username:admin,password:123456
[2021-08-12T09:57:38.949] [DEBUG] cheese - admin
[2021-08-12T09:57:38.954] [DEBUG] cheese - null
[2021-08-12T09:57:38.954] [DEBUG] cheese - null
